Application/build/intermediates/manifest_merge_blame_file/debug/manifest-merger-blame-debug-report.txt
1<?xml version="1.0" encoding="utf-8"?>
2<!--
3  Copyright 2015 The Android Open Source Project
4
5  Licensed under the Apache License, Version 2.0 (the "License");
6  you may not use this file except in compliance with the License.
7  You may obtain a copy of the License at
8
9      http://www.apache.org/licenses/LICENSE-2.0
10
11  Unless required by applicable law or agreed to in writing, software
12  distributed under the License is distributed on an "AS IS" BASIS,
13  WITHOUT WARRANTIES OR CONDITIONS OF ANY KIND, either express or implied.
14  See the License for the specific language governing permissions and
15  limitations under the License.
16-->
17<manifest xmlns:android="http://schemas.android.com/apk/res/android"
18    package="com.example.android.basicpermissions" >
19
20    <uses-sdk
21        android:minSdkVersion="15"
21-->src\main\AndroidManifest.xml
22        android:targetSdkVersion="30" />
22-->src\main\AndroidManifest.xml
23
24    <!-- BEGIN_INCLUDE(manifest) -->
25
26
27    <!--
28     Note that all required permissions are declared here in the Android manifest.
29     On Android M and above, use of these permissions is only requested at run time.
30    -->
31    <uses-permission android:name="android.permission.CALL_PHONE" />
31-->src\main\AndroidManifest.xml:24:5-68
31-->src\main\AndroidManifest.xml:24:22-66
32
33    <!-- END_INCLUDE(manifest) -->
34    <application
34-->src\main\AndroidManifest.xml:27:5-46:19
35        android:allowBackup="true"
35-->src\main\AndroidManifest.xml:28:13-39
36        android:appComponentFactory="androidx.core.app.CoreComponentFactory"
36-->[androidx.core:core:1.2.0] AndroidManifest.xml:24:18-86
37        android:debuggable="true"
38        android:icon="@mipmap/ic_launcher"
38-->src\main\AndroidManifest.xml:29:13-47
39        android:label="@string/app_name"
39-->src\main\AndroidManifest.xml:30:13-45
40        android:theme="@style/Theme.AppCompat.Light" >
40-->src\main\AndroidManifest.xml:31:13-57
41        <activity
41-->src\main\AndroidManifest.xml:32:9-39:20
42            android:name="com.example.android.basicpermissions.MainActivity"
42-->src\main\AndroidManifest.xml:33:17-45
43            android:label="@string/app_name" >
43-->src\main\AndroidManifest.xml:34:17-49
44            <intent-filter>
44-->src\main\AndroidManifest.xml:35:13-38:29
45                <action android:name="android.intent.action.MAIN" />
45-->src\main\AndroidManifest.xml:36:17-68
45-->src\main\AndroidManifest.xml:36:25-66
46
47                <category android:name="android.intent.category.LAUNCHER" />
47-->src\main\AndroidManifest.xml:37:17-76
47-->src\main\AndroidManifest.xml:37:27-74
48            </intent-filter>
49        </activity>
50
51        <!-- Activity that only displays the camera preview. -->
52        <activity
52-->src\main\AndroidManifest.xml:42:9-44:43
53            android:name="com.example.android.basicpermissions.camera.CameraPreviewActivity"
53-->src\main\AndroidManifest.xml:43:17-61
54            android:exported="false" />
54-->src\main\AndroidManifest.xml:44:17-41
55    </application>
56
57</manifest>